<?xml version="1.0" encoding="UTF-8"?>
<!-- Generated by org.testng.reporters.JUnitXMLReporter -->
<testsuite ignored="0" hostname="karishmas-MacBook-Air.local" failures="0" tests="6" name="Test" time="2.631" errors="0" timestamp="23 Nov 2021 14:39:38 GMT">
  <testcase classname="or.testing.TestScripts.TC6_Delete" name="Testcase6" time="1.634"/>
  <testcase classname="or.testing.TestScripts.TC4_GetAll_FetchID" name="Testcase4" time="0.099"/>
  <testcase classname="or.testing.TestScripts.TC1_PostRequest" name="firstTC" time="0.674"/>
  <testcase classname="or.testing.TestScripts.TC5_Put" name="Tsetcase5" time="0.081"/>
  <testcase classname="or.testing.TestScripts.TC2_GetRequest" name="Testcase2" time="0.04"/>
  <testcase classname="or.testing.TestScripts.TC3_GetAll" name="Testcase3" time="0.028"/>
</testsuite> <!-- Test -->
